Using pre-set license
Built from '2020.3/staging' branch; Version is '2020.3.17f1 (a4537701e4ab) revision 10769271'; Using compiler version '192528614'; Build Type 'Release'
OS: 'Windows 10 Pro; OS build 19044.1526; Version 2009; 64bit' Language: 'ru' Physical Memory: 8136 MB
BatchMode: 1, IsHumanControllingUs: 0, StartBugReporterOnCrash: 0, Is64bit: 1, IsPro: 0

COMMAND LINE ARGUMENTS:
C:\ETC\Programs\2020.3.17f1\Editor\Unity.exe
-adb2
-batchMode
-noUpm
-name
AssetImportWorker0
-projectPath
C:/ETC/Programs/2DSideScroller/SideScroller
-logFile
Logs/AssetImportWorker0.log
-srvPort
55538
Successfully changed project path to: C:/ETC/Programs/2DSideScroller/SideScroller
C:/ETC/Programs/2DSideScroller/SideScroller
Using Asset Import Pipeline V2.
Refreshing native plugins compatible for Editor in 67.61 ms, found 3 plugins.
Preloading 0 native plugins for Editor in 0.00 ms.
Initialize engine version: 2020.3.17f1 (a4537701e4ab)
[Subsystems] Discovering subsystems at path C:/ETC/Programs/2020.3.17f1/Editor/Data/Resources/UnitySubsystems
[Subsystems] Discovering subsystems at path C:/ETC/Programs/2DSideScroller/SideScroller/Assets
GfxDevice: creating device client; threaded=0
Direct3D:
    Version:  Direct3D 11.0 [level 11.1]
    Renderer: NVIDIA GeForce GTX 1050 (ID=0x1c81)
    Vendor:   
    VRAM:     1977 MB
    Driver:   30.0.14.7168
Initialize mono
Mono path[0] = 'C:/ETC/Programs/2020.3.17f1/Editor/Data/Managed'
Mono path[1] = 'C:/ETC/Programs/2020.3.17f1/Editor/Data/MonoBleedingEdge/lib/mono/unityjit'
Mono config path = 'C:/ETC/Programs/2020.3.17f1/Editor/Data/MonoBleedingEdge/etc'
Using monoOptions --debugger-agent=transport=dt_socket,embedding=1,server=y,suspend=n,address=127.0.0.1:56688
Begin MonoManager ReloadAssembly
Registering precompiled unity dll's ...
Register platform support module: C:/ETC/Programs/2020.3.17f1/Editor/Data/PlaybackEngines/WindowsStandaloneSupport/UnityEditor.WindowsStandalone.Extensions.dll
Registered in 0.002806 seconds.
Native extension for WindowsStandalone target not found
Refreshing native plugins compatible for Editor in 63.70 ms, found 3 plugins.
Preloading 0 native plugins for Editor in 0.00 ms.
Mono: successfully reloaded assembly
- Completed reload, in  2.763 seconds
Domain Reload Profiling:
	ReloadAssembly (2763ms)
		BeginReloadAssembly (71ms)
			ExecutionOrderSort (0ms)
			DisableScriptedObjects (0ms)
			BackupInstance (0ms)
			ReleaseScriptingObjects (0ms)
			CreateAndSetChildDomain (1ms)
		EndReloadAssembly (655ms)
			LoadAssemblies (68ms)
			RebuildTransferFunctionScriptingTraits (0ms)
			SetupTypeCache (195ms)
			ReleaseScriptCaches (0ms)
			RebuildScriptCaches (45ms)
			SetupLoadedEditorAssemblies (249ms)
				LogAssemblyErrors (0ms)
				InitializePlatformSupportModulesInManaged (5ms)
				SetLoadedEditorAssemblies (0ms)
				RefreshPlugins (64ms)
				BeforeProcessingInitializeOnLoad (21ms)
				ProcessInitializeOnLoadAttributes (122ms)
				ProcessInitializeOnLoadMethodAttributes (37ms)
				AfterProcessingInitializeOnLoad (0ms)
				EditorAssembliesLoaded (0ms)
			ExecutionOrderSort2 (0ms)
			AwakeInstancesAfterBackupRestoration (0ms)
Platform modules already initialized, skipping
Registering precompiled user dll's ...
Registered in 0.096671 seconds.
Begin MonoManager ReloadAssembly
Native extension for WindowsStandalone target not found
Refreshing native plugins compatible for Editor in 63.44 ms, found 3 plugins.
Preloading 0 native plugins for Editor in 0.00 ms.
Mono: successfully reloaded assembly
- Completed reload, in  1.819 seconds
Domain Reload Profiling:
	ReloadAssembly (1821ms)
		BeginReloadAssembly (193ms)
			ExecutionOrderSort (0ms)
			DisableScriptedObjects (6ms)
			BackupInstance (0ms)
			ReleaseScriptingObjects (0ms)
			CreateAndSetChildDomain (21ms)
		EndReloadAssembly (1544ms)
			LoadAssemblies (199ms)
			RebuildTransferFunctionScriptingTraits (0ms)
			SetupTypeCache (401ms)
			ReleaseScriptCaches (1ms)
			RebuildScriptCaches (76ms)
			SetupLoadedEditorAssemblies (682ms)
				LogAssemblyErrors (0ms)
				InitializePlatformSupportModulesInManaged (5ms)
				SetLoadedEditorAssemblies (0ms)
				RefreshPlugins (64ms)
				BeforeProcessingInitializeOnLoad (110ms)
				ProcessInitializeOnLoadAttributes (477ms)
				ProcessInitializeOnLoadMethodAttributes (16ms)
				AfterProcessingInitializeOnLoad (10ms)
				EditorAssembliesLoaded (0ms)
			ExecutionOrderSort2 (0ms)
			AwakeInstancesAfterBackupRestoration (9ms)
Platform modules already initialized, skipping
========================================================================
Worker process is ready to serve import requests
Launched and connected shader compiler UnityShaderCompiler.exe after 0.26 seconds
Refreshing native plugins compatible for Editor in 0.60 ms, found 3 plugins.
Preloading 0 native plugins for Editor in 0.00 ms.
Unloading 2209 Unused Serialized files (Serialized files now loaded: 0)
System memory in use before: 115.6 MB.
System memory in use after: 115.7 MB.

Unloading 27 unused Assets to reduce memory usage. Loaded Objects now: 2671.
Total: 4.132800 ms (FindLiveObjects: 0.374200 ms CreateObjectMapping: 0.112900 ms MarkObjects: 3.611700 ms  DeleteObjects: 0.032200 ms)

AssetImportParameters requested are different than current active one (requested -> active):
  custom:framework-win-MediaFoundation: 216162199b28c13a410421893ffa2e32 -> 
  custom:video-decoder-ogg-theora: a1e56fd34408186e4bbccfd4996cb3dc -> 
  custom:container-muxer-webm: aa71ff27fc2769a1b78a27578f13a17b -> 
  custom:container-demuxer-webm: 4f35f7cbe854078d1ac9338744f61a02 -> 
  custom:container-demuxer-ogg: 62fdf1f143b41e24485cea50d1cbac27 -> 
  custom:video-encoder-webm-vp8: eb34c28f22e8b96e1ab97ce403110664 -> 
  custom:video-codec-MediaFoundation-h265: 746d11721c4dcdbdad8f713fa42b33f4 -> 
  custom:video-decoder-webm-vp8: 9c59270c3fd7afecdb556c50c9e8de78 -> 
  custom:audio-decoder-ogg-vorbis: bf7c407c2cedff20999df2af8eb42d56 -> 
  custom:audio-encoder-webm-vorbis: bf7c407c2cedff20999df2af8eb42d56 -> 
========================================================================
Received Import Request.
  path: Assets/Resources/Prefabs/UI/Screens/Prefabs_UI_Screens_InventoryMenu.prefab
  artifactKey: Guid(f917b4ba0ddae8a4ca195565400077c7) Importer(815301076,1909f56bfc062723c751e8b465ee728b)
Start importing Assets/Resources/Prefabs/UI/Screens/Prefabs_UI_Screens_InventoryMenu.prefab using Guid(f917b4ba0ddae8a4ca195565400077c7) Importer(815301076,1909f56bfc062723c751e8b465ee728b)  -> (artifact id: 'efd66e4ed97f8e7a6eedd7c6f04b7444') in 0.245341 seconds 
  Import took 0.295593 seconds .

========================================================================
Received Import Request.
  Time since last request: 0.003196 seconds.
  path: Assets/Resources/Prefabs/UI/Screens/Prefabs_UI_Screens_InventoryMenu.prefab
  artifactKey: Guid(f917b4ba0ddae8a4ca195565400077c7) Importer(815301076,1909f56bfc062723c751e8b465ee728b)
Start importing Assets/Resources/Prefabs/UI/Screens/Prefabs_UI_Screens_InventoryMenu.prefab using Guid(f917b4ba0ddae8a4ca195565400077c7) Importer(815301076,1909f56bfc062723c751e8b465ee728b)  -> (artifact id: 'efd66e4ed97f8e7a6eedd7c6f04b7444') in 0.010922 seconds 
  Import took 0.037975 seconds .

========================================================================
Received Prepare
Registering precompiled user dll's ...
Registered in 0.006578 seconds.
Begin MonoManager ReloadAssembly
Native extension for WindowsStandalone target not found
Refreshing native plugins compatible for Editor in 0.65 ms, found 3 plugins.
Preloading 0 native plugins for Editor in 0.00 ms.
Mono: successfully reloaded assembly
- Completed reload, in  1.502 seconds
Domain Reload Profiling:
	ReloadAssembly (1502ms)
		BeginReloadAssembly (161ms)
			ExecutionOrderSort (0ms)
			DisableScriptedObjects (8ms)
			BackupInstance (0ms)
			ReleaseScriptingObjects (0ms)
			CreateAndSetChildDomain (57ms)
		EndReloadAssembly (1257ms)
			LoadAssemblies (121ms)
			RebuildTransferFunctionScriptingTraits (0ms)
			SetupTypeCache (381ms)
			ReleaseScriptCaches (1ms)
			RebuildScriptCaches (59ms)
			SetupLoadedEditorAssemblies (539ms)
				LogAssemblyErrors (0ms)
				InitializePlatformSupportModulesInManaged (8ms)
				SetLoadedEditorAssemblies (1ms)
				RefreshPlugins (1ms)
				BeforeProcessingInitializeOnLoad (119ms)
				ProcessInitializeOnLoadAttributes (394ms)
				ProcessInitializeOnLoadMethodAttributes (7ms)
				AfterProcessingInitializeOnLoad (9ms)
				EditorAssembliesLoaded (0ms)
			ExecutionOrderSort2 (0ms)
			AwakeInstancesAfterBackupRestoration (14ms)
Platform modules already initialized, skipping
Switching build target platform(19) subTarget(0) extendedPlatform(0) -> platform(13) subTarget(537395200) extendedPlatform(0)
Refreshing native plugins compatible for Editor in 0.62 ms, found 3 plugins.
Preloading 0 native plugins for Editor in 0.00 ms.
Unloading 2202 Unused Serialized files (Serialized files now loaded: 0)
System memory in use before: 115.1 MB.
System memory in use after: 115.3 MB.

Unloading 19 unused Assets to reduce memory usage. Loaded Objects now: 2676.
Total: 3.774600 ms (FindLiveObjects: 0.211500 ms CreateObjectMapping: 0.092500 ms MarkObjects: 3.436800 ms  DeleteObjects: 0.032400 ms)

AssetImportParameters requested are different than current active one (requested -> active):
  custom:framework-win-MediaFoundation: 216162199b28c13a410421893ffa2e32 -> 
  custom:video-decoder-ogg-theora: a1e56fd34408186e4bbccfd4996cb3dc -> 
  custom:container-muxer-webm: aa71ff27fc2769a1b78a27578f13a17b -> 
  custom:container-demuxer-webm: 4f35f7cbe854078d1ac9338744f61a02 -> 
  custom:container-demuxer-ogg: 62fdf1f143b41e24485cea50d1cbac27 -> 
  custom:video-encoder-webm-vp8: eb34c28f22e8b96e1ab97ce403110664 -> 
  custom:video-codec-MediaFoundation-h265: 746d11721c4dcdbdad8f713fa42b33f4 -> 
  custom:video-decoder-webm-vp8: 9c59270c3fd7afecdb556c50c9e8de78 -> 
  custom:graphics/normal-map-encoding: 01000000000000000000000000000000 -> 02000000000000000000000000000000
  custom:audio-decoder-ogg-vorbis: bf7c407c2cedff20999df2af8eb42d56 -> 
  custom:audio-encoder-webm-vorbis: bf7c407c2cedff20999df2af8eb42d56 -> 
========================================================================
Received Import Request.
  Time since last request: 26.361733 seconds.
  path: Assets/Resources/Prefabs/UI/Screens/Prefabs_UI_Screens_InventoryMenu.prefab
  artifactKey: Guid(f917b4ba0ddae8a4ca195565400077c7) Importer(815301076,1909f56bfc062723c751e8b465ee728b)
Start importing Assets/Resources/Prefabs/UI/Screens/Prefabs_UI_Screens_InventoryMenu.prefab using Guid(f917b4ba0ddae8a4ca195565400077c7) Importer(815301076,1909f56bfc062723c751e8b465ee728b)  -> (artifact id: '77c1df4b1183c143b6f5a2ed158f1bdb') in 0.066391 seconds 
  Import took 0.086004 seconds .

========================================================================
Received Import Request.
  Time since last request: 12.977444 seconds.
  path: Assets/Resources/Prefabs/UI/Screens/Prefabs_UI_Screens_InventoryMenu.prefab
  artifactKey: Guid(f917b4ba0ddae8a4ca195565400077c7) Importer(815301076,1909f56bfc062723c751e8b465ee728b)
Start importing Assets/Resources/Prefabs/UI/Screens/Prefabs_UI_Screens_InventoryMenu.prefab using Guid(f917b4ba0ddae8a4ca195565400077c7) Importer(815301076,1909f56bfc062723c751e8b465ee728b)  -> (artifact id: '14df1705797d855f5800e16be96906ba') in 0.010495 seconds 
  Import took 0.022940 seconds .

========================================================================
Received Import Request.
  Time since last request: 19.588383 seconds.
  path: Assets/Resources/Prefabs/UI/Screens/Prefabs_UI_Screens_InventoryMenu.prefab
  artifactKey: Guid(f917b4ba0ddae8a4ca195565400077c7) Importer(815301076,1909f56bfc062723c751e8b465ee728b)
Start importing Assets/Resources/Prefabs/UI/Screens/Prefabs_UI_Screens_InventoryMenu.prefab using Guid(f917b4ba0ddae8a4ca195565400077c7) Importer(815301076,1909f56bfc062723c751e8b465ee728b)  -> (artifact id: 'd40457b404711cca96cea89540f5ebf0') in 0.009999 seconds 
  Import took 0.030651 seconds .

========================================================================
Received Import Request.
  Time since last request: 1.435871 seconds.
  path: Assets/Resources/Prefabs/UI/Screens/Prefabs_UI_Screens_InventoryMenu.prefab
  artifactKey: Guid(f917b4ba0ddae8a4ca195565400077c7) Importer(815301076,1909f56bfc062723c751e8b465ee728b)
Start importing Assets/Resources/Prefabs/UI/Screens/Prefabs_UI_Screens_InventoryMenu.prefab using Guid(f917b4ba0ddae8a4ca195565400077c7) Importer(815301076,1909f56bfc062723c751e8b465ee728b)  -> (artifact id: '7d782bdb0dec5e71ef597335700148dc') in 0.009844 seconds 
  Import took 0.023821 seconds .

========================================================================
Received Import Request.
  Time since last request: 5.666353 seconds.
  path: Assets/Resources/Prefabs/UI/Screens/Prefabs_UI_Screens_InventoryMenu.prefab
  artifactKey: Guid(f917b4ba0ddae8a4ca195565400077c7) Importer(815301076,1909f56bfc062723c751e8b465ee728b)
Start importing Assets/Resources/Prefabs/UI/Screens/Prefabs_UI_Screens_InventoryMenu.prefab using Guid(f917b4ba0ddae8a4ca195565400077c7) Importer(815301076,1909f56bfc062723c751e8b465ee728b)  -> (artifact id: 'fdae3b3a3a98663a4b3732e311789d42') in 0.012561 seconds 
  Import took 0.023606 seconds .

========================================================================
Received Import Request.
  Time since last request: 3.630787 seconds.
  path: Assets/Resources/Prefabs/UI/Screens/Prefabs_UI_Screens_InventoryMenu.prefab
  artifactKey: Guid(f917b4ba0ddae8a4ca195565400077c7) Importer(815301076,1909f56bfc062723c751e8b465ee728b)
Start importing Assets/Resources/Prefabs/UI/Screens/Prefabs_UI_Screens_InventoryMenu.prefab using Guid(f917b4ba0ddae8a4ca195565400077c7) Importer(815301076,1909f56bfc062723c751e8b465ee728b)  -> (artifact id: '480bfd779652444f67adfd191ef51fa0') in 0.010464 seconds 
  Import took 0.020556 seconds .

========================================================================
Received Import Request.
  Time since last request: 2.996566 seconds.
  path: Assets/Resources/Prefabs/UI/Screens/Prefabs_UI_Screens_InventoryMenu.prefab
  artifactKey: Guid(f917b4ba0ddae8a4ca195565400077c7) Importer(815301076,1909f56bfc062723c751e8b465ee728b)
Start importing Assets/Resources/Prefabs/UI/Screens/Prefabs_UI_Screens_InventoryMenu.prefab using Guid(f917b4ba0ddae8a4ca195565400077c7) Importer(815301076,1909f56bfc062723c751e8b465ee728b)  -> (artifact id: '3e539f0a57f1fe96773d6119d6315f7b') in 0.010633 seconds 
  Import took 0.038983 seconds .

========================================================================
Received Import Request.
  Time since last request: 2.810320 seconds.
  path: Assets/Resources/Prefabs/UI/Screens/Prefabs_UI_Screens_InventoryMenu.prefab
  artifactKey: Guid(f917b4ba0ddae8a4ca195565400077c7) Importer(815301076,1909f56bfc062723c751e8b465ee728b)
Start importing Assets/Resources/Prefabs/UI/Screens/Prefabs_UI_Screens_InventoryMenu.prefab using Guid(f917b4ba0ddae8a4ca195565400077c7) Importer(815301076,1909f56bfc062723c751e8b465ee728b)  -> (artifact id: '41f24dc53ccf0cdfc844d56ad1e5cafa') in 0.010047 seconds 
  Import took 0.035354 seconds .

========================================================================
Received Import Request.
  Time since last request: 0.844538 seconds.
  path: Assets/Resources/Prefabs/UI/Screens/Prefabs_UI_Screens_InventoryMenu.prefab
  artifactKey: Guid(f917b4ba0ddae8a4ca195565400077c7) Importer(815301076,1909f56bfc062723c751e8b465ee728b)
Start importing Assets/Resources/Prefabs/UI/Screens/Prefabs_UI_Screens_InventoryMenu.prefab using Guid(f917b4ba0ddae8a4ca195565400077c7) Importer(815301076,1909f56bfc062723c751e8b465ee728b)  -> (artifact id: '9e661499d0395822a5cf3846acfb2b4e') in 0.009628 seconds 
  Import took 0.022651 seconds .

========================================================================
Received Import Request.
  Time since last request: 1.369589 seconds.
  path: Assets/Resources/Prefabs/UI/Screens/Prefabs_UI_Screens_InventoryMenu.prefab
  artifactKey: Guid(f917b4ba0ddae8a4ca195565400077c7) Importer(815301076,1909f56bfc062723c751e8b465ee728b)
Start importing Assets/Resources/Prefabs/UI/Screens/Prefabs_UI_Screens_InventoryMenu.prefab using Guid(f917b4ba0ddae8a4ca195565400077c7) Importer(815301076,1909f56bfc062723c751e8b465ee728b)  -> (artifact id: 'b707d526300292f99fac6bff8336f389') in 0.012963 seconds 
  Import took 0.037247 seconds .

========================================================================
Received Import Request.
  Time since last request: 0.991379 seconds.
  path: Assets/Resources/Prefabs/UI/Screens/Prefabs_UI_Screens_InventoryMenu.prefab
  artifactKey: Guid(f917b4ba0ddae8a4ca195565400077c7) Importer(815301076,1909f56bfc062723c751e8b465ee728b)
Start importing Assets/Resources/Prefabs/UI/Screens/Prefabs_UI_Screens_InventoryMenu.prefab using Guid(f917b4ba0ddae8a4ca195565400077c7) Importer(815301076,1909f56bfc062723c751e8b465ee728b)  -> (artifact id: 'f9c79a7d40c4853b0745e3bba9c22830') in 0.009432 seconds 
  Import took 0.024445 seconds .

========================================================================
Received Import Request.
  Time since last request: 2.872033 seconds.
  path: Assets/Resources/Prefabs/UI/Screens/Prefabs_UI_Screens_InventoryMenu.prefab
  artifactKey: Guid(f917b4ba0ddae8a4ca195565400077c7) Importer(815301076,1909f56bfc062723c751e8b465ee728b)
Start importing Assets/Resources/Prefabs/UI/Screens/Prefabs_UI_Screens_InventoryMenu.prefab using Guid(f917b4ba0ddae8a4ca195565400077c7) Importer(815301076,1909f56bfc062723c751e8b465ee728b)  -> (artifact id: '820318688f63e6f0ad1caee8c4b550ba') in 0.009135 seconds 
  Import took 0.022921 seconds .

========================================================================
Received Import Request.
  Time since last request: 1.169398 seconds.
  path: Assets/Resources/Prefabs/UI/Screens/Prefabs_UI_Screens_InventoryMenu.prefab
  artifactKey: Guid(f917b4ba0ddae8a4ca195565400077c7) Importer(815301076,1909f56bfc062723c751e8b465ee728b)
Start importing Assets/Resources/Prefabs/UI/Screens/Prefabs_UI_Screens_InventoryMenu.prefab using Guid(f917b4ba0ddae8a4ca195565400077c7) Importer(815301076,1909f56bfc062723c751e8b465ee728b)  -> (artifact id: 'ac1b892f1a2b4d0379b02cc58e0bfb53') in 0.009653 seconds 
  Import took 0.016482 seconds .

========================================================================
Received Import Request.
  Time since last request: 1.016844 seconds.
  path: Assets/Resources/Prefabs/UI/Screens/Prefabs_UI_Screens_InventoryMenu.prefab
  artifactKey: Guid(f917b4ba0ddae8a4ca195565400077c7) Importer(815301076,1909f56bfc062723c751e8b465ee728b)
Start importing Assets/Resources/Prefabs/UI/Screens/Prefabs_UI_Screens_InventoryMenu.prefab using Guid(f917b4ba0ddae8a4ca195565400077c7) Importer(815301076,1909f56bfc062723c751e8b465ee728b)  -> (artifact id: 'cfb54fa5fced4fcf76514302d11f2321') in 0.009126 seconds 
  Import took 0.013902 seconds .

========================================================================
Received Import Request.
  Time since last request: 1.580241 seconds.
  path: Assets/Resources/Prefabs/UI/Screens/Prefabs_UI_Screens_InventoryMenu.prefab
  artifactKey: Guid(f917b4ba0ddae8a4ca195565400077c7) Importer(815301076,1909f56bfc062723c751e8b465ee728b)
Start importing Assets/Resources/Prefabs/UI/Screens/Prefabs_UI_Screens_InventoryMenu.prefab using Guid(f917b4ba0ddae8a4ca195565400077c7) Importer(815301076,1909f56bfc062723c751e8b465ee728b)  -> (artifact id: '885988ffbabc4d923470de1df1a9dd91') in 0.010732 seconds 
  Import took 0.027729 seconds .

========================================================================
Received Import Request.
  Time since last request: 1.616511 seconds.
  path: Assets/Resources/Prefabs/UI/Screens/Prefabs_UI_Screens_InventoryMenu.prefab
  artifactKey: Guid(f917b4ba0ddae8a4ca195565400077c7) Importer(815301076,1909f56bfc062723c751e8b465ee728b)
Start importing Assets/Resources/Prefabs/UI/Screens/Prefabs_UI_Screens_InventoryMenu.prefab using Guid(f917b4ba0ddae8a4ca195565400077c7) Importer(815301076,1909f56bfc062723c751e8b465ee728b)  -> (artifact id: 'c073ba828eec295178fe1cfabb0d320c') in 0.009842 seconds 
  Import took 0.014813 seconds .

========================================================================
Received Import Request.
  Time since last request: 3.030332 seconds.
  path: Assets/Resources/Prefabs/UI/Screens/Prefabs_UI_Screens_InventoryMenu.prefab
  artifactKey: Guid(f917b4ba0ddae8a4ca195565400077c7) Importer(815301076,1909f56bfc062723c751e8b465ee728b)
Start importing Assets/Resources/Prefabs/UI/Screens/Prefabs_UI_Screens_InventoryMenu.prefab using Guid(f917b4ba0ddae8a4ca195565400077c7) Importer(815301076,1909f56bfc062723c751e8b465ee728b)  -> (artifact id: '7000109f7a9a2bf4eac0cc8a96ce6020') in 0.009371 seconds 
  Import took 0.027493 seconds .

========================================================================
Received Import Request.
  Time since last request: 1.785670 seconds.
  path: Assets/Resources/Prefabs/UI/Screens/Prefabs_UI_Screens_InventoryMenu.prefab
  artifactKey: Guid(f917b4ba0ddae8a4ca195565400077c7) Importer(815301076,1909f56bfc062723c751e8b465ee728b)
Start importing Assets/Resources/Prefabs/UI/Screens/Prefabs_UI_Screens_InventoryMenu.prefab using Guid(f917b4ba0ddae8a4ca195565400077c7) Importer(815301076,1909f56bfc062723c751e8b465ee728b)  -> (artifact id: '3d756bab2137462a131bfffa71251835') in 0.009816 seconds 
  Import took 0.023139 seconds .

========================================================================
Received Import Request.
  Time since last request: 9.119089 seconds.
  path: Assets/Resources/Prefabs/UI/Screens/Prefabs_UI_Screens_InventoryMenu.prefab
  artifactKey: Guid(f917b4ba0ddae8a4ca195565400077c7) Importer(815301076,1909f56bfc062723c751e8b465ee728b)
Start importing Assets/Resources/Prefabs/UI/Screens/Prefabs_UI_Screens_InventoryMenu.prefab using Guid(f917b4ba0ddae8a4ca195565400077c7) Importer(815301076,1909f56bfc062723c751e8b465ee728b)  -> (artifact id: '8b22d9535fefb139f8f1affef063ed29') in 0.009909 seconds 
  Import took 0.014835 seconds .

========================================================================
Received Import Request.
  Time since last request: 4.217725 seconds.
  path: Assets/Resources/Prefabs/UI/Screens/Prefabs_UI_Screens_InventoryMenu.prefab
  artifactKey: Guid(f917b4ba0ddae8a4ca195565400077c7) Importer(815301076,1909f56bfc062723c751e8b465ee728b)
Start importing Assets/Resources/Prefabs/UI/Screens/Prefabs_UI_Screens_InventoryMenu.prefab using Guid(f917b4ba0ddae8a4ca195565400077c7) Importer(815301076,1909f56bfc062723c751e8b465ee728b)  -> (artifact id: '7ebd15fe9cf742a619b5859b2649909c') in 0.009144 seconds 
  Import took 0.021779 seconds .

========================================================================
Received Import Request.
  Time since last request: 4.055908 seconds.
  path: Assets/Resources/Prefabs/UI/Screens/Prefabs_UI_Screens_InventoryMenu.prefab
  artifactKey: Guid(f917b4ba0ddae8a4ca195565400077c7) Importer(815301076,1909f56bfc062723c751e8b465ee728b)
Start importing Assets/Resources/Prefabs/UI/Screens/Prefabs_UI_Screens_InventoryMenu.prefab using Guid(f917b4ba0ddae8a4ca195565400077c7) Importer(815301076,1909f56bfc062723c751e8b465ee728b)  -> (artifact id: '9b4aec58e1fe29717537226016373262') in 0.011433 seconds 
  Import took 0.016380 seconds .

========================================================================
Received Import Request.
  Time since last request: 20.574562 seconds.
  path: Assets/Resources/Prefabs/UI/Parts/Prefabs_UI_Parts_ItemCell.prefab
  artifactKey: Guid(7e92945150827974fadb9bfb1156a69e) Importer(815301076,1909f56bfc062723c751e8b465ee728b)
Start importing Assets/Resources/Prefabs/UI/Parts/Prefabs_UI_Parts_ItemCell.prefab using Guid(7e92945150827974fadb9bfb1156a69e) Importer(815301076,1909f56bfc062723c751e8b465ee728b)  -> (artifact id: 'f02a241b8d4bbb8f041de55d69de9d71') in 0.027555 seconds 
  Import took 0.046640 seconds .

========================================================================
Received Import Request.
  Time since last request: 3.956502 seconds.
  path: Assets/Resources/Prefabs/UI/Parts/Prefabs_UI_Parts_ItemCell.prefab
  artifactKey: Guid(7e92945150827974fadb9bfb1156a69e) Importer(815301076,1909f56bfc062723c751e8b465ee728b)
Start importing Assets/Resources/Prefabs/UI/Parts/Prefabs_UI_Parts_ItemCell.prefab using Guid(7e92945150827974fadb9bfb1156a69e) Importer(815301076,1909f56bfc062723c751e8b465ee728b)  -> (artifact id: '8a7ebb30df2df3528c35b2f6d852e646') in 0.006615 seconds 
  Import took 0.011132 seconds .

========================================================================
Received Prepare
Registering precompiled user dll's ...
Registered in 0.006705 seconds.
Begin MonoManager ReloadAssembly
Native extension for WindowsStandalone target not found
Refreshing native plugins compatible for Editor in 0.62 ms, found 3 plugins.
Preloading 0 native plugins for Editor in 0.00 ms.
Mono: successfully reloaded assembly
- Completed reload, in  1.591 seconds
Domain Reload Profiling:
	ReloadAssembly (1592ms)
		BeginReloadAssembly (162ms)
			ExecutionOrderSort (0ms)
			DisableScriptedObjects (10ms)
			BackupInstance (0ms)
			ReleaseScriptingObjects (0ms)
			CreateAndSetChildDomain (43ms)
		EndReloadAssembly (1341ms)
			LoadAssemblies (127ms)
			RebuildTransferFunctionScriptingTraits (0ms)
			SetupTypeCache (414ms)
			ReleaseScriptCaches (1ms)
			RebuildScriptCaches (64ms)
			SetupLoadedEditorAssemblies (561ms)
				LogAssemblyErrors (0ms)
				InitializePlatformSupportModulesInManaged (7ms)
				SetLoadedEditorAssemblies (1ms)
				RefreshPlugins (1ms)
				BeforeProcessingInitializeOnLoad (122ms)
				ProcessInitializeOnLoadAttributes (413ms)
				ProcessInitializeOnLoadMethodAttributes (9ms)
				AfterProcessingInitializeOnLoad (10ms)
				EditorAssembliesLoaded (0ms)
			ExecutionOrderSort2 (0ms)
			AwakeInstancesAfterBackupRestoration (16ms)
Platform modules already initialized, skipping
Switching build target platform(19) subTarget(0) extendedPlatform(0) -> platform(13) subTarget(537395200) extendedPlatform(0)
Refreshing native plugins compatible for Editor in 0.71 ms, found 3 plugins.
Preloading 0 native plugins for Editor in 0.00 ms.
Unloading 2202 Unused Serialized files (Serialized files now loaded: 0)
System memory in use before: 115.2 MB.
System memory in use after: 115.3 MB.

Unloading 19 unused Assets to reduce memory usage. Loaded Objects now: 2679.
Total: 3.932300 ms (FindLiveObjects: 0.264100 ms CreateObjectMapping: 0.108900 ms MarkObjects: 3.522700 ms  DeleteObjects: 0.035100 ms)

AssetImportParameters requested are different than current active one (requested -> active):
  custom:framework-win-MediaFoundation: 216162199b28c13a410421893ffa2e32 -> 
  custom:video-decoder-ogg-theora: a1e56fd34408186e4bbccfd4996cb3dc -> 
  custom:container-muxer-webm: aa71ff27fc2769a1b78a27578f13a17b -> 
  custom:container-demuxer-webm: 4f35f7cbe854078d1ac9338744f61a02 -> 
  custom:container-demuxer-ogg: 62fdf1f143b41e24485cea50d1cbac27 -> 
  custom:video-encoder-webm-vp8: eb34c28f22e8b96e1ab97ce403110664 -> 
  custom:video-codec-MediaFoundation-h265: 746d11721c4dcdbdad8f713fa42b33f4 -> 
  custom:video-decoder-webm-vp8: 9c59270c3fd7afecdb556c50c9e8de78 -> 
  custom:graphics/normal-map-encoding: 01000000000000000000000000000000 -> 02000000000000000000000000000000
  custom:audio-decoder-ogg-vorbis: bf7c407c2cedff20999df2af8eb42d56 -> 
  custom:audio-encoder-webm-vorbis: bf7c407c2cedff20999df2af8eb42d56 -> 
========================================================================
Received Import Request.
  Time since last request: 38.512542 seconds.
  path: Assets/Resources/Prefabs/UI/Parts/Prefabs_UI_Parts_ItemCell.prefab
  artifactKey: Guid(7e92945150827974fadb9bfb1156a69e) Importer(815301076,1909f56bfc062723c751e8b465ee728b)
Start importing Assets/Resources/Prefabs/UI/Parts/Prefabs_UI_Parts_ItemCell.prefab using Guid(7e92945150827974fadb9bfb1156a69e) Importer(815301076,1909f56bfc062723c751e8b465ee728b)  -> (artifact id: '88d2e8bde845abb8f9dd8f5eba56569d') in 0.045984 seconds 
  Import took 0.060149 seconds .

========================================================================
Received Import Request.
  Time since last request: 7.103155 seconds.
  path: Assets/Resources/Prefabs/UI/Parts/Prefabs_UI_Parts_ItemCell.prefab
  artifactKey: Guid(7e92945150827974fadb9bfb1156a69e) Importer(815301076,1909f56bfc062723c751e8b465ee728b)
Start importing Assets/Resources/Prefabs/UI/Parts/Prefabs_UI_Parts_ItemCell.prefab using Guid(7e92945150827974fadb9bfb1156a69e) Importer(815301076,1909f56bfc062723c751e8b465ee728b)  -> (artifact id: '56b390d84357a49b4b17105bbca45b70') in 0.006602 seconds 
  Import took 0.021155 seconds .

========================================================================
Received Import Request.
  Time since last request: 8.927099 seconds.
  path: Assets/Resources/Prefabs/UI/Parts/ArmorCell.prefab
  artifactKey: Guid(72c0c13804614ab4e8d6187243021e40) Importer(815301076,1909f56bfc062723c751e8b465ee728b)
Start importing Assets/Resources/Prefabs/UI/Parts/ArmorCell.prefab using Guid(72c0c13804614ab4e8d6187243021e40) Importer(815301076,1909f56bfc062723c751e8b465ee728b)  -> (artifact id: '6075f39b5ef60c551483426c0b7b5fe9') in 0.019409 seconds 
  Import took 0.028689 seconds .

========================================================================
Received Import Request.
  Time since last request: 5.450078 seconds.
  path: Assets/Resources/Prefabs/UI/Parts/ArmorCell.prefab
  artifactKey: Guid(72c0c13804614ab4e8d6187243021e40) Importer(815301076,1909f56bfc062723c751e8b465ee728b)
Start importing Assets/Resources/Prefabs/UI/Parts/ArmorCell.prefab using Guid(72c0c13804614ab4e8d6187243021e40) Importer(815301076,1909f56bfc062723c751e8b465ee728b)  -> (artifact id: '118f805b7ebfe9a291492d4d78b3594b') in 0.007694 seconds 
  Import took 0.021855 seconds .

========================================================================
Received Import Request.
  Time since last request: 1.807610 seconds.
  path: Assets/Resources/Prefabs/UI/Parts/WeaponCell.prefab
  artifactKey: Guid(1f60bbbdec2456b4eb575b232025e055) Importer(815301076,1909f56bfc062723c751e8b465ee728b)
Start importing Assets/Resources/Prefabs/UI/Parts/WeaponCell.prefab using Guid(1f60bbbdec2456b4eb575b232025e055) Importer(815301076,1909f56bfc062723c751e8b465ee728b)  -> (artifact id: '684e292ea2f1e98d15a9522e2307c4b7') in 0.023130 seconds 
  Import took 0.049473 seconds .

========================================================================
Received Import Request.
  Time since last request: 0.768192 seconds.
  path: Assets/Resources/Prefabs/UI/Parts/WeaponCell.prefab
  artifactKey: Guid(1f60bbbdec2456b4eb575b232025e055) Importer(815301076,1909f56bfc062723c751e8b465ee728b)
Start importing Assets/Resources/Prefabs/UI/Parts/WeaponCell.prefab using Guid(1f60bbbdec2456b4eb575b232025e055) Importer(815301076,1909f56bfc062723c751e8b465ee728b)  -> (artifact id: 'f0c4306d7fb2aa2b3dccf1b126e76a7d') in 0.006045 seconds 
  Import took 0.018666 seconds .

========================================================================
Received Import Request.
  Time since last request: 15.523660 seconds.
  path: Assets/Resources/Prefabs/UI/Screens/Prefabs_UI_Screens_InventoryMenu.prefab
  artifactKey: Guid(f917b4ba0ddae8a4ca195565400077c7) Importer(815301076,1909f56bfc062723c751e8b465ee728b)
Start importing Assets/Resources/Prefabs/UI/Screens/Prefabs_UI_Screens_InventoryMenu.prefab using Guid(f917b4ba0ddae8a4ca195565400077c7) Importer(815301076,1909f56bfc062723c751e8b465ee728b)  -> (artifact id: 'cdd6912b948d93ec4f1207968725e28d') in 0.028422 seconds 
  Import took 0.032799 seconds .

========================================================================
Received Prepare
Registering precompiled user dll's ...
Registered in 0.005941 seconds.
Begin MonoManager ReloadAssembly
Native extension for WindowsStandalone target not found
Refreshing native plugins compatible for Editor in 0.69 ms, found 3 plugins.
Preloading 0 native plugins for Editor in 0.00 ms.
Mono: successfully reloaded assembly
- Completed reload, in  1.510 seconds
Domain Reload Profiling:
	ReloadAssembly (1510ms)
		BeginReloadAssembly (154ms)
			ExecutionOrderSort (0ms)
			DisableScriptedObjects (8ms)
			BackupInstance (0ms)
			ReleaseScriptingObjects (0ms)
			CreateAndSetChildDomain (42ms)
		EndReloadAssembly (1273ms)
			LoadAssemblies (117ms)
			RebuildTransferFunctionScriptingTraits (0ms)
			SetupTypeCache (392ms)
			ReleaseScriptCaches (1ms)
			RebuildScriptCaches (64ms)
			SetupLoadedEditorAssemblies (506ms)
				LogAssemblyErrors (0ms)
				InitializePlatformSupportModulesInManaged (6ms)
				SetLoadedEditorAssemblies (1ms)
				RefreshPlugins (1ms)
				BeforeProcessingInitializeOnLoad (113ms)
				ProcessInitializeOnLoadAttributes (368ms)
				ProcessInitializeOnLoadMethodAttributes (8ms)
				AfterProcessingInitializeOnLoad (10ms)
				EditorAssembliesLoaded (0ms)
			ExecutionOrderSort2 (0ms)
			AwakeInstancesAfterBackupRestoration (14ms)
Platform modules already initialized, skipping
Switching build target platform(19) subTarget(0) extendedPlatform(0) -> platform(13) subTarget(537395200) extendedPlatform(0)
Refreshing native plugins compatible for Editor in 0.95 ms, found 3 plugins.
Preloading 0 native plugins for Editor in 0.00 ms.
Unloading 2202 Unused Serialized files (Serialized files now loaded: 0)
System memory in use before: 115.2 MB.
System memory in use after: 115.3 MB.

Unloading 19 unused Assets to reduce memory usage. Loaded Objects now: 2682.
Total: 3.743800 ms (FindLiveObjects: 0.220200 ms CreateObjectMapping: 0.092300 ms MarkObjects: 3.397200 ms  DeleteObjects: 0.032500 ms)

AssetImportParameters requested are different than current active one (requested -> active):
  custom:framework-win-MediaFoundation: 216162199b28c13a410421893ffa2e32 -> 
  custom:video-decoder-ogg-theora: a1e56fd34408186e4bbccfd4996cb3dc -> 
  custom:container-muxer-webm: aa71ff27fc2769a1b78a27578f13a17b -> 
  custom:container-demuxer-webm: 4f35f7cbe854078d1ac9338744f61a02 -> 
  custom:container-demuxer-ogg: 62fdf1f143b41e24485cea50d1cbac27 -> 
  custom:video-encoder-webm-vp8: eb34c28f22e8b96e1ab97ce403110664 -> 
  custom:video-codec-MediaFoundation-h265: 746d11721c4dcdbdad8f713fa42b33f4 -> 
  custom:video-decoder-webm-vp8: 9c59270c3fd7afecdb556c50c9e8de78 -> 
  custom:graphics/normal-map-encoding: 01000000000000000000000000000000 -> 02000000000000000000000000000000
  custom:audio-decoder-ogg-vorbis: bf7c407c2cedff20999df2af8eb42d56 -> 
  custom:audio-encoder-webm-vorbis: bf7c407c2cedff20999df2af8eb42d56 -> 
========================================================================
Received Prepare
Registering precompiled user dll's ...
Registered in 0.005891 seconds.
Begin MonoManager ReloadAssembly
Native extension for WindowsStandalone target not found
Refreshing native plugins compatible for Editor in 0.64 ms, found 3 plugins.
Preloading 0 native plugins for Editor in 0.00 ms.
Mono: successfully reloaded assembly
- Completed reload, in  1.507 seconds
Domain Reload Profiling:
	ReloadAssembly (1508ms)
		BeginReloadAssembly (145ms)
			ExecutionOrderSort (0ms)
			DisableScriptedObjects (8ms)
			BackupInstance (0ms)
			ReleaseScriptingObjects (0ms)
			CreateAndSetChildDomain (38ms)
		EndReloadAssembly (1277ms)
			LoadAssemblies (118ms)
			RebuildTransferFunctionScriptingTraits (0ms)
			SetupTypeCache (373ms)
			ReleaseScriptCaches (1ms)
			RebuildScriptCaches (60ms)
			SetupLoadedEditorAssemblies (528ms)
				LogAssemblyErrors (0ms)
				InitializePlatformSupportModulesInManaged (6ms)
				SetLoadedEditorAssemblies (1ms)
				RefreshPlugins (1ms)
				BeforeProcessingInitializeOnLoad (112ms)
				ProcessInitializeOnLoadAttributes (392ms)
				ProcessInitializeOnLoadMethodAttributes (7ms)
				AfterProcessingInitializeOnLoad (9ms)
				EditorAssembliesLoaded (0ms)
			ExecutionOrderSort2 (0ms)
			AwakeInstancesAfterBackupRestoration (14ms)
Platform modules already initialized, skipping
Switching build target platform(19) subTarget(0) extendedPlatform(0) -> platform(13) subTarget(537395200) extendedPlatform(0)
Refreshing native plugins compatible for Editor in 0.62 ms, found 3 plugins.
Preloading 0 native plugins for Editor in 0.00 ms.
Unloading 2202 Unused Serialized files (Serialized files now loaded: 0)
System memory in use before: 115.2 MB.
System memory in use after: 115.3 MB.

Unloading 16 unused Assets to reduce memory usage. Loaded Objects now: 2685.
Total: 3.614700 ms (FindLiveObjects: 0.209800 ms CreateObjectMapping: 0.093700 ms MarkObjects: 3.289600 ms  DeleteObjects: 0.019800 ms)

AssetImportParameters requested are different than current active one (requested -> active):
  custom:framework-win-MediaFoundation: 216162199b28c13a410421893ffa2e32 -> 
  custom:video-decoder-ogg-theora: a1e56fd34408186e4bbccfd4996cb3dc -> 
  custom:container-muxer-webm: aa71ff27fc2769a1b78a27578f13a17b -> 
  custom:container-demuxer-webm: 4f35f7cbe854078d1ac9338744f61a02 -> 
  custom:container-demuxer-ogg: 62fdf1f143b41e24485cea50d1cbac27 -> 
  custom:video-encoder-webm-vp8: eb34c28f22e8b96e1ab97ce403110664 -> 
  custom:video-codec-MediaFoundation-h265: 746d11721c4dcdbdad8f713fa42b33f4 -> 
  custom:video-decoder-webm-vp8: 9c59270c3fd7afecdb556c50c9e8de78 -> 
  custom:graphics/normal-map-encoding: 01000000000000000000000000000000 -> 02000000000000000000000000000000
  custom:audio-decoder-ogg-vorbis: bf7c407c2cedff20999df2af8eb42d56 -> 
  custom:audio-encoder-webm-vorbis: bf7c407c2cedff20999df2af8eb42d56 -> 
========================================================================
Received Import Request.
  Time since last request: 42.490693 seconds.
  path: Assets/Resources/Prefabs/UI/Screens/Prefabs_UI_Screens_InventoryMenu.prefab
  artifactKey: Guid(f917b4ba0ddae8a4ca195565400077c7) Importer(815301076,1909f56bfc062723c751e8b465ee728b)
Start importing Assets/Resources/Prefabs/UI/Screens/Prefabs_UI_Screens_InventoryMenu.prefab using Guid(f917b4ba0ddae8a4ca195565400077c7) Importer(815301076,1909f56bfc062723c751e8b465ee728b)  -> (artifact id: 'd8728fc708782056d52f135f3ca09b59') in 0.067633 seconds 
  Import took 0.085201 seconds .

========================================================================
Received Prepare
Registering precompiled user dll's ...
Registered in 0.005942 seconds.
Begin MonoManager ReloadAssembly
Native extension for WindowsStandalone target not found
Refreshing native plugins compatible for Editor in 0.62 ms, found 3 plugins.
Preloading 0 native plugins for Editor in 0.00 ms.
Mono: successfully reloaded assembly
- Completed reload, in  1.483 seconds
Domain Reload Profiling:
	ReloadAssembly (1483ms)
		BeginReloadAssembly (153ms)
			ExecutionOrderSort (0ms)
			DisableScriptedObjects (13ms)
			BackupInstance (0ms)
			ReleaseScriptingObjects (0ms)
			CreateAndSetChildDomain (49ms)
		EndReloadAssembly (1245ms)
			LoadAssemblies (128ms)
			RebuildTransferFunctionScriptingTraits (0ms)
			SetupTypeCache (363ms)
			ReleaseScriptCaches (1ms)
			RebuildScriptCaches (58ms)
			SetupLoadedEditorAssemblies (506ms)
				LogAssemblyErrors (0ms)
				InitializePlatformSupportModulesInManaged (6ms)
				SetLoadedEditorAssemblies (1ms)
				RefreshPlugins (1ms)
				BeforeProcessingInitializeOnLoad (112ms)
				ProcessInitializeOnLoadAttributes (370ms)
				ProcessInitializeOnLoadMethodAttributes (7ms)
				AfterProcessingInitializeOnLoad (9ms)
				EditorAssembliesLoaded (0ms)
			ExecutionOrderSort2 (0ms)
			AwakeInstancesAfterBackupRestoration (14ms)
Platform modules already initialized, skipping
Switching build target platform(19) subTarget(0) extendedPlatform(0) -> platform(13) subTarget(537395200) extendedPlatform(0)
Refreshing native plugins compatible for Editor in 0.62 ms, found 3 plugins.
Preloading 0 native plugins for Editor in 0.00 ms.
Unloading 2202 Unused Serialized files (Serialized files now loaded: 0)
System memory in use before: 115.3 MB.
System memory in use after: 115.4 MB.

Unloading 19 unused Assets to reduce memory usage. Loaded Objects now: 2688.
Total: 3.763700 ms (FindLiveObjects: 0.225300 ms CreateObjectMapping: 0.093400 ms MarkObjects: 3.407600 ms  DeleteObjects: 0.035800 ms)

AssetImportParameters requested are different than current active one (requested -> active):
  custom:framework-win-MediaFoundation: 216162199b28c13a410421893ffa2e32 -> 
  custom:video-decoder-ogg-theora: a1e56fd34408186e4bbccfd4996cb3dc -> 
  custom:container-muxer-webm: aa71ff27fc2769a1b78a27578f13a17b -> 
  custom:container-demuxer-webm: 4f35f7cbe854078d1ac9338744f61a02 -> 
  custom:container-demuxer-ogg: 62fdf1f143b41e24485cea50d1cbac27 -> 
  custom:video-encoder-webm-vp8: eb34c28f22e8b96e1ab97ce403110664 -> 
  custom:video-codec-MediaFoundation-h265: 746d11721c4dcdbdad8f713fa42b33f4 -> 
  custom:video-decoder-webm-vp8: 9c59270c3fd7afecdb556c50c9e8de78 -> 
  custom:graphics/normal-map-encoding: 01000000000000000000000000000000 -> 02000000000000000000000000000000
  custom:audio-decoder-ogg-vorbis: bf7c407c2cedff20999df2af8eb42d56 -> 
  custom:audio-encoder-webm-vorbis: bf7c407c2cedff20999df2af8eb42d56 -> 
AssetImportWorkerClient::OnTransportError - code=2 error=End of file
